<?xml version="1.0" encoding="UTF-8"?>
<!-- Generated by org.testng.reporters.JUnitXMLReporter -->
<testsuite ignored="0" hostname="LAPTOP-9T2G5T7C" failures="0" tests="3" name="Default test" time="7.772" errors="0" timestamp="2021-07-11T20:10:55 BST">
  <testcase classname="com.DLGTestCase.DLGTestCase" name="launchBrowser" time="7.193"/>
  <testcase classname="com.DLGTestCase.DLGTestCase" name="loginWithUsernamePasword" time="0.415"/>
  <testcase classname="com.DLGTestCase.DLGTestCase" name="navigateQALoginPage" time="0.085"/>
</testsuite> <!-- Default test -->
