<?xml version="1.0" encoding="UTF-8"?>
<testng-results ignored="0" total="3" passed="3" failed="0" skipped="0">
  <reporter-output>
  </reporter-output>
  <suite started-at="2021-07-11T20:10:47 BST" name="Default suite" finished-at="2021-07-11T20:10:55 BST" duration-ms="7772">
    <groups>
      <group name="bonding">
        <method signature="DLGTestCase.launchBrowser()[pri:0, instance:com.DLGTestCase.DLGTestCase@65f095f8]" name="launchBrowser" class="com.DLGTestCase.DLGTestCase"/>
        <method signature="DLGTestCase.loginWithUsernamePasword()[pri:0, instance:com.DLGTestCase.DLGTestCase@65f095f8]" name="loginWithUsernamePasword" class="com.DLGTestCase.DLGTestCase"/>
      </group> <!-- bonding -->
      <group name="strong_ties">
        <method signature="DLGTestCase.launchBrowser()[pri:0, instance:com.DLGTestCase.DLGTestCase@65f095f8]" name="launchBrowser" class="com.DLGTestCase.DLGTestCase"/>
        <method signature="DLGTestCase.loginWithUsernamePasword()[pri:0, instance:com.DLGTestCase.DLGTestCase@65f095f8]" name="loginWithUsernamePasword" class="com.DLGTestCase.DLGTestCase"/>
      </group> <!-- strong_ties -->
    </groups>
    <test started-at="2021-07-11T20:10:47 BST" name="Default test" finished-at="2021-07-11T20:10:55 BST" duration-ms="7772">
      <class name="com.DLGTestCase.DLGTestCase">
        <test-method signature="launchBrowser()[pri:0, instance:com.DLGTestCase.DLGTestCase@65f095f8]" started-at="2021-07-11T20:10:47 BST" name="launchBrowser" finished-at="2021-07-11T20:10:54 BST" duration-ms="7193" status="PASS">
          <reporter-output>
          </reporter-output>
        </test-method> <!-- launchBrowser -->
        <test-method signature="loginWithUsernamePasword()[pri:0, instance:com.DLGTestCase.DLGTestCase@65f095f8]" started-at="2021-07-11T20:10:54 BST" name="loginWithUsernamePasword" finished-at="2021-07-11T20:10:54 BST" duration-ms="415" status="PASS">
          <reporter-output>
          </reporter-output>
        </test-method> <!-- loginWithUsernamePasword -->
        <test-method signature="navigateQALoginPage()[pri:0, instance:com.DLGTestCase.DLGTestCase@65f095f8]" started-at="2021-07-11T20:10:54 BST" name="navigateQALoginPage" finished-at="2021-07-11T20:10:54 BST" duration-ms="85" status="PASS">
          <reporter-output>
          </reporter-output>
        </test-method> <!-- navigateQALoginPage -->
      </class> <!-- com.DLGTestCase.DLGTestCase -->
    </test> <!-- Default test -->
  </suite> <!-- Default suite -->
</testng-results>
